c:\program files\netsim standard\src\simulation\rpl\debug\vc140.pdb
c:\program files\netsim standard\src\simulation\rpl\debug\vc140.idb
c:\program files\netsim standard\src\simulation\rpl\debug\dao.obj
c:\program files\netsim standard\src\simulation\rpl\debug\dio.obj
c:\program files\netsim standard\src\simulation\rpl\debug\dis.obj
c:\program files\netsim standard\src\simulation\rpl\debug\dodag.obj
c:\program files\netsim standard\src\simulation\rpl\debug\neighbor.obj
c:\program files\netsim standard\src\simulation\rpl\debug\rpl.obj
c:\program files\netsim standard\src\simulation\rpl\debug\rpl_enum.obj
c:\program files\netsim standard\src\simulation\rpl\debug\rpl_message.obj
c:\program files\netsim standard\src\simulation\rpl\debug\sequencenumber.obj
c:\program files\netsim standard\src\simulation\rpl\debug\trickle.obj
c:\program files\netsim standard\src\simulation\rpl\..\..\..\bin\librpl.dll
c:\program files\netsim standard\src\simulation\rpl\debug\rpl.tlog\cl.command.1.tlog
c:\program files\netsim standard\src\simulation\rpl\debug\rpl.tlog\cl.read.1.tlog
c:\program files\netsim standard\src\simulation\rpl\debug\rpl.tlog\cl.write.1.tlog
c:\program files\netsim standard\src\simulation\rpl\debug\rpl.tlog\link-cvtres.read.1.tlog
c:\program files\netsim standard\src\simulation\rpl\debug\rpl.tlog\link-cvtres.write.1.tlog
c:\program files\netsim standard\src\simulation\rpl\debug\rpl.tlog\link-rc.read.1.tlog
c:\program files\netsim standard\src\simulation\rpl\debug\rpl.tlog\link-rc.write.1.tlog
c:\program files\netsim standard\src\simulation\rpl\debug\rpl.tlog\link.command.1.tlog
c:\program files\netsim standard\src\simulation\rpl\debug\rpl.tlog\link.read.1.tlog
c:\program files\netsim standard\src\simulation\rpl\debug\rpl.tlog\link.write.1.tlog
