d:\krishna chaitanya\29-05\sink_hole_using_rpl_10\rpl\x64\debug\vc140.pdb
d:\krishna chaitanya\29-05\sink_hole_using_rpl_10\rpl\x64\debug\vc140.idb
d:\krishna chaitanya\29-05\sink_hole_using_rpl_10\rpl\x64\debug\dao.obj
d:\krishna chaitanya\29-05\sink_hole_using_rpl_10\rpl\x64\debug\dio.obj
d:\krishna chaitanya\29-05\sink_hole_using_rpl_10\rpl\x64\debug\dis.obj
d:\krishna chaitanya\29-05\sink_hole_using_rpl_10\rpl\x64\debug\dodag.obj
d:\krishna chaitanya\29-05\sink_hole_using_rpl_10\rpl\x64\debug\malicious.obj
d:\krishna chaitanya\29-05\sink_hole_using_rpl_10\rpl\x64\debug\neighbor.obj
d:\krishna chaitanya\29-05\sink_hole_using_rpl_10\rpl\x64\debug\rpl.obj
d:\krishna chaitanya\29-05\sink_hole_using_rpl_10\rpl\x64\debug\rpl_enum.obj
d:\krishna chaitanya\29-05\sink_hole_using_rpl_10\rpl\x64\debug\rpl_message.obj
d:\krishna chaitanya\29-05\sink_hole_using_rpl_10\rpl\x64\debug\sequencenumber.obj
d:\krishna chaitanya\29-05\sink_hole_using_rpl_10\rpl\x64\debug\trickle.obj
d:\krishna chaitanya\29-05\sink_hole_using_rpl_10\dll\librpl.dll
d:\krishna chaitanya\29-05\sink_hole_using_rpl_10\dll\rpl.pdb
d:\krishna chaitanya\29-05\sink_hole_using_rpl_10\dll\rpl.lib
d:\krishna chaitanya\29-05\sink_hole_using_rpl_10\dll\rpl.exp
d:\krishna chaitanya\29-05\sink_hole_using_rpl_10\rpl\x64\debug\rpl.tlog\cl.command.1.tlog
d:\krishna chaitanya\29-05\sink_hole_using_rpl_10\rpl\x64\debug\rpl.tlog\cl.read.1.tlog
d:\krishna chaitanya\29-05\sink_hole_using_rpl_10\rpl\x64\debug\rpl.tlog\cl.write.1.tlog
d:\krishna chaitanya\29-05\sink_hole_using_rpl_10\rpl\x64\debug\rpl.tlog\link.command.1.tlog
d:\krishna chaitanya\29-05\sink_hole_using_rpl_10\rpl\x64\debug\rpl.tlog\link.read.1.tlog
d:\krishna chaitanya\29-05\sink_hole_using_rpl_10\rpl\x64\debug\rpl.tlog\link.write.1.tlog
d:\krishna chaitanya\29-05\sink_hole_using_rpl_10\rpl\x64\debug\rpl.tlog\rpl.write.1u.tlog
